<?xml version="1.0" encoding="UTF-8"?>
<beans xmlns="http://www.springframework.org/schema/beans"
       xmlns:xsi="http://www.w3.org/2001/XMLSchema-instance" 
       xmlns:mongo="http://www.springframework.org/schema/data/mongo"
       xmlns:redis="http://www.springframework.org/schema/redis"
       xmlns:p="http://www.springframework.org/schema/p"
       xmlns:context="http://www.springframework.org/schema/context"
       xmlns:util="http://www.springframework.org/schema/util" 
       xmlns:mvc="http://www.springframework.org/schema/mvc"
       xsi:schemaLocation="http://www.springframework.org/schema/mvc http://www.springframework.org/schema/mvc/spring-mvc-3.2.xsd
  http://www.springframework.org/schema/beans http://www.springframework.org/schema/beans/spring-beans.xsd
  http://www.springframework.org/schema/util http://www.springframework.org/schema/util/spring-util-3.2.xsd
  http://www.springframework.org/schema/context http://www.springframework.org/schema/context/spring-context-3.2.xsd
  http://www.springframework.org/schema/data/mongo
  http://www.springframework.org/schema/data/mongo/spring-mongo-1.0.xsd
  http://www.springframework.org/schema/redis 
  http://www.springframework.org/schema/redis/spring-redis.xsd">

    <context:component-scan base-package="com.att.archive.restful.controller" />
    <mvc:annotation-driven />
 
     <!-- service beans -->
    <bean id="archiveService" class="com.att.archive.restful.service.ArchiveService">
        <qualifier value="archiveService"/>   
    </bean>
    <bean id="archiveFactory" class="com.att.archive.restful.service.DataArchiveFactory"/>
    <bean id="archiver" class="com.att.archive.restful.util.DataArchiver"/>
    <!-- mongodb configuration -->
    <mongo:mongo id="mongo" />
    <!-- <mongo:db-factory host="localhost" port="27017" dbname="test" />  -->
    <bean id="mongoTemplate" class="org.springframework.data.mongodb.core.MongoTemplate">
        <constructor-arg ref="mongo" />
        <constructor-arg value="archiveDb" />
        <!-- <constructor-arg name="mongoDbFactory" ref="mongoDbFactory"/> -->
    </bean>
    <mongo:repositories base-package="com.att.archive.restful.repositories" />

</beans>
